WARNING : Could not find a target 'html', but found a target 'web' with format='html'; using this target.
INFO    : Building target web
INFO    : XSL conversion of /home/marcio/Documents/Test_pretext/new-pretext-project/source/main.ptx by /home/marcio/.ptx/2.32.0/core/xsl/utilities/pretext-enhanced-source.xsl
INFO    : successful application of /home/marcio/.ptx/2.32.0/core/xsl/utilities/pretext-enhanced-source.xsl
INFO    : Generating any needed assets.
INFO    : XSL conversion of /home/marcio/Documents/Test_pretext/new-pretext-project/source/main.ptx by /home/marcio/.ptx/2.32.0/core/xsl/utilities/pretext-enhanced-source.xsl
INFO    : successful application of /home/marcio/.ptx/2.32.0/core/xsl/utilities/pretext-enhanced-source.xsl
INFO    : XSL conversion of /home/marcio/Documents/Test_pretext/new-pretext-project/source/main.ptx by /home/marcio/.ptx/2.32.0/core/xsl/utilities/pretext-enhanced-source.xsl
INFO    : successful application of /home/marcio/.ptx/2.32.0/core/xsl/utilities/pretext-enhanced-source.xsl
INFO    : XSL conversion of /home/marcio/Documents/Test_pretext/new-pretext-project/source/main.ptx by /home/marcio/.ptx/2.32.0/core/xsl/utilities/pretext-enhanced-source.xsl
INFO    : successful application of /home/marcio/.ptx/2.32.0/core/xsl/utilities/pretext-enhanced-source.xsl
INFO    : XSL conversion of /home/marcio/Documents/Test_pretext/new-pretext-project/source/main.ptx by /home/marcio/.ptx/2.32.0/core/xsl/utilities/pretext-enhanced-source.xsl
INFO    : successful application of /home/marcio/.ptx/2.32.0/core/xsl/utilities/pretext-enhanced-source.xsl
INFO    : XSL conversion of /home/marcio/Documents/Test_pretext/new-pretext-project/source/main.ptx by /home/marcio/.ptx/2.32.0/core/xsl/utilities/pretext-enhanced-source.xsl
INFO    : successful application of /home/marcio/.ptx/2.32.0/core/xsl/utilities/pretext-enhanced-source.xsl
INFO    : XSL conversion of /home/marcio/Documents/Test_pretext/new-pretext-project/source/main.ptx by /home/marcio/.ptx/2.32.0/core/xsl/utilities/pretext-enhanced-source.xsl
INFO    : successful application of /home/marcio/.ptx/2.32.0/core/xsl/utilities/pretext-enhanced-source.xsl
INFO    : XSL conversion of /home/marcio/Documents/Test_pretext/new-pretext-project/source/main.ptx by /home/marcio/.ptx/2.32.0/core/xsl/utilities/pretext-enhanced-source.xsl
INFO    : successful application of /home/marcio/.ptx/2.32.0/core/xsl/utilities/pretext-enhanced-source.xsl
INFO    : XSL conversion of /home/marcio/Documents/Test_pretext/new-pretext-project/source/main.ptx by /home/marcio/.ptx/2.32.0/core/xsl/utilities/pretext-enhanced-source.xsl
INFO    : successful application of /home/marcio/.ptx/2.32.0/core/xsl/utilities/pretext-enhanced-source.xsl
INFO    : XSL conversion of /home/marcio/Documents/Test_pretext/new-pretext-project/source/main.ptx by /home/marcio/.ptx/2.32.0/core/xsl/utilities/pretext-enhanced-source.xsl
INFO    : successful application of /home/marcio/.ptx/2.32.0/core/xsl/utilities/pretext-enhanced-source.xsl
INFO    : XSL conversion of /home/marcio/Documents/Test_pretext/new-pretext-project/source/main.ptx by /home/marcio/.ptx/2.32.0/core/xsl/utilities/pretext-enhanced-source.xsl
INFO    : successful application of /home/marcio/.ptx/2.32.0/core/xsl/utilities/pretext-enhanced-source.xsl
INFO    : XSL conversion of /home/marcio/Documents/Test_pretext/new-pretext-project/source/main.ptx by /home/marcio/.ptx/2.32.0/core/xsl/utilities/pretext-enhanced-source.xsl
INFO    : successful application of /home/marcio/.ptx/2.32.0/core/xsl/utilities/pretext-enhanced-source.xsl
INFO    : XSL conversion of /home/marcio/Documents/Test_pretext/new-pretext-project/source/main.ptx by /home/marcio/.ptx/2.32.0/core/xsl/utilities/pretext-enhanced-source.xsl
INFO    : successful application of /home/marcio/.ptx/2.32.0/core/xsl/utilities/pretext-enhanced-source.xsl
INFO    : XSL conversion of /home/marcio/Documents/Test_pretext/new-pretext-project/source/main.ptx by /home/marcio/.ptx/2.32.0/core/xsl/utilities/pretext-enhanced-source.xsl
INFO    : successful application of /home/marcio/.ptx/2.32.0/core/xsl/utilities/pretext-enhanced-source.xsl
INFO    : XSL conversion of /home/marcio/Documents/Test_pretext/new-pretext-project/source/main.ptx by /home/marcio/.ptx/2.32.0/core/xsl/utilities/pretext-enhanced-source.xsl
INFO    : successful application of /home/marcio/.ptx/2.32.0/core/xsl/utilities/pretext-enhanced-source.xsl
INFO    : XSL conversion of /home/marcio/Documents/Test_pretext/new-pretext-project/source/main.ptx by /home/marcio/.ptx/2.32.0/core/xsl/utilities/pretext-enhanced-source.xsl
INFO    : successful application of /home/marcio/.ptx/2.32.0/core/xsl/utilities/pretext-enhanced-source.xsl
INFO    : XSL conversion of /home/marcio/Documents/Test_pretext/new-pretext-project/source/main.ptx by /home/marcio/.ptx/2.32.0/core/xsl/utilities/pretext-enhanced-source.xsl
INFO    : successful application of /home/marcio/.ptx/2.32.0/core/xsl/utilities/pretext-enhanced-source.xsl
INFO    : XSL conversion of /home/marcio/Documents/Test_pretext/new-pretext-project/source/main.ptx by /home/marcio/.ptx/2.32.0/core/xsl/utilities/pretext-enhanced-source.xsl
INFO    : successful application of /home/marcio/.ptx/2.32.0/core/xsl/utilities/pretext-enhanced-source.xsl
INFO    : Finished generating assets.

INFO    : Preparing to build into /home/marcio/Documents/Test_pretext/new-pretext-project/output/web.
INFO    : discovering source file's directory name: /home/marcio/Documents/Test_pretext/new-pretext-project/source
INFO    : verifying and expanding input directory: /home/marcio/Documents/Test_pretext/new-pretext-project/source/../generated-assets
INFO    : input directory expanded to absolute path: /home/marcio/Documents/Test_pretext/new-pretext-project/generated-assets
INFO    : verifying and expanding input directory: /home/marcio/Documents/Test_pretext/new-pretext-project/source/../assets
INFO    : input directory expanded to absolute path: /home/marcio/Documents/Test_pretext/new-pretext-project/assets
INFO    : discovering source file's directory name: /home/marcio/Documents/Test_pretext/new-pretext-project/source
INFO    : XSL conversion of /home/marcio/Documents/Test_pretext/new-pretext-project/source/main.ptx by /home/marcio/.ptx/2.32.0/core/xsl/utilities/report-publisher-variables.xsl
INFO    : successful application of /home/marcio/.ptx/2.32.0/core/xsl/utilities/report-publisher-variables.xsl
INFO    : Downloading rs services file from https://runestone.academy/cdn/runestone/latest/webpack_static_imports.xml.
INFO    : Runestone Services via online CDN query: version 7.10.0
INFO    : Downloading Runestone Services, version 7.10.0
INFO    : Extracting Runestone Services from archive file
INFO    : Building custom css theme: theme-default-modern
INFO    : converting /home/marcio/Documents/Test_pretext/new-pretext-project/source/main.ptx to HTML in /tmp/ptx-ote85jgv
INFO    : XSL conversion of /home/marcio/Documents/Test_pretext/new-pretext-project/source/main.ptx by /home/marcio/.ptx/2.32.0/core/xsl/pretext-html.xsl
INFO    : messages from the log for XSL processing:
INFO    : * PTX:INFO:   checking all deprecated elements.
INFO    : successful application of /home/marcio/.ptx/2.32.0/core/xsl/pretext-html.xsl
INFO    : Removing temporary directory /tmp/ptx-ote85jgv
INFO    : Removing temporary directory /tmp/ptx-knft1lpa
INFO    : 
Finished build for target web. Run `pretext view web` to see the results.

INFO    : 
Success!  Built requested target(s) without errors.

INFO    : 
